  dllmain.cpp
F:\work\c++\Minecraft-Command-Assistant\opengl_imgui\include\imgui_opengl_hook.h(10,47): warning C4229: 使用了记时错误: 忽略数据上的修饰符
F:\VisualStudio\IDE\VC\Tools\MSVC\14.37.32822\include\xstring(2728,53): warning C4244: “参数”: 从“WCHAR”转换到“const _Elem”，可能丢失数据
          with
          [
              _Elem=char
          ]
F:\VisualStudio\IDE\VC\Tools\MSVC\14.37.32822\include\xstring(2584,17): message : 查看对正在编译的函数 模板 实例化“void std::basic_string<char,std::char_traits<char>,std::allocator<char>>::_Construct_from_iter<WCHAR*,WCHAR*,_Size_type>(_Iter,const _Sent,_Size)”的引用
          with
          [
              _Size_type=unsigned __int64,
              _Iter=WCHAR *,
              _Sent=WCHAR *,
              _Size=unsigned __int64
          ]
F:\work\c++\Minecraft-Command-Assistant\ClipboardXX\include\detail\windows.hpp(56,39): message : 查看对正在编译的函数 模板 实例化“std::basic_string<char,std::char_traits<char>,std::allocator<char>>::basic_string<LPTSTR,0>(_Iter,_Iter,const _Alloc &)”的引用
          with
          [
              _Iter=LPTSTR,
              _Alloc=std::allocator<char>
          ]
F:\work\c++\Minecraft-Command-Assistant\ClipboardXX\include\detail\windows.hpp(56,39): message : 请参阅 "clipboardxx::ClipboardWindows::WindowsException::get_last_windows_error" 中对 "std::basic_string<char,std::char_traits<char>,std::allocator<char>>::basic_string" 的第一个引用
opengl_imgui_x64.lib(imgui.obj) : warning LNK4099: 未找到 PDB“”(使用“opengl_imgui_x64.lib(imgui.obj)”或在“”中寻找)；正在链接对象，如同没有调试信息一样
opengl_imgui_x64.lib(imgui_draw.obj) : warning LNK4099: 未找到 PDB“”(使用“opengl_imgui_x64.lib(imgui_draw.obj)”或在“”中寻找)；正在链接对象，如同没有调试信息一样
opengl_imgui_x64.lib(imgui_widgets.obj) : warning LNK4099: 未找到 PDB“”(使用“opengl_imgui_x64.lib(imgui_widgets.obj)”或在“”中寻找)；正在链接对象，如同没有调试信息一样
opengl_imgui_x64.lib(imgui_tables.obj) : warning LNK4099: 未找到 PDB“”(使用“opengl_imgui_x64.lib(imgui_tables.obj)”或在“”中寻找)；正在链接对象，如同没有调试信息一样
opengl_imgui_x64.lib(imgui_opengl_hook.obj) : warning LNK4099: 未找到 PDB“”(使用“opengl_imgui_x64.lib(imgui_opengl_hook.obj)”或在“”中寻找)；正在链接对象，如同没有调试信息一样
opengl_imgui_x64.lib(imgui_impl_opengl3.obj) : warning LNK4099: 未找到 PDB“”(使用“opengl_imgui_x64.lib(imgui_impl_opengl3.obj)”或在“”中寻找)；正在链接对象，如同没有调试信息一样
  opengl_imgui_x64.lib(hook.obj) : 找到 MSIL .netmodule 或使用 /GL 编译的模块；正在使用 /LTCG 重新启动链接；将 /LTCG 添加到链接命令行以改进链接器性能
opengl_imgui_x64.lib(imgui_impl_win32.obj) : warning LNK4099: 未找到 PDB“”(使用“opengl_imgui_x64.lib(imgui_impl_win32.obj)”或在“”中寻找)；正在链接对象，如同没有调试信息一样
LINK : warning LNK4075: 忽略“/INCREMENTAL”(由于“/LTCG”规范)
LINK : warning LNK4098: 默认库“MSVCRT”与其他库的使用冲突；请使用 /NODEFAULTLIB:library
LINK : warning LNK4098: 默认库“LIBCMT”与其他库的使用冲突；请使用 /NODEFAULTLIB:library
  正在生成代码
  已完成代码的生成
opengl_imgui_x64.lib(imgui.obj) : warning LNK4099: 未找到 PDB“”(使用“opengl_imgui_x64.lib(imgui.obj)”或在“”中寻找)；正在链接对象，如同没有调试信息一样
opengl_imgui_x64.lib(imgui_draw.obj) : warning LNK4099: 未找到 PDB“”(使用“opengl_imgui_x64.lib(imgui_draw.obj)”或在“”中寻找)；正在链接对象，如同没有调试信息一样
opengl_imgui_x64.lib(imgui_widgets.obj) : warning LNK4099: 未找到 PDB“”(使用“opengl_imgui_x64.lib(imgui_widgets.obj)”或在“”中寻找)；正在链接对象，如同没有调试信息一样
opengl_imgui_x64.lib(imgui_tables.obj) : warning LNK4099: 未找到 PDB“”(使用“opengl_imgui_x64.lib(imgui_tables.obj)”或在“”中寻找)；正在链接对象，如同没有调试信息一样
opengl_imgui_x64.lib(imgui_opengl_hook.obj) : warning LNK4099: 未找到 PDB“”(使用“opengl_imgui_x64.lib(imgui_opengl_hook.obj)”或在“”中寻找)；正在链接对象，如同没有调试信息一样
opengl_imgui_x64.lib(imgui_impl_opengl3.obj) : warning LNK4099: 未找到 PDB“”(使用“opengl_imgui_x64.lib(imgui_impl_opengl3.obj)”或在“”中寻找)；正在链接对象，如同没有调试信息一样
opengl_imgui_x64.lib(imgui_impl_win32.obj) : warning LNK4099: 未找到 PDB“”(使用“opengl_imgui_x64.lib(imgui_impl_win32.obj)”或在“”中寻找)；正在链接对象，如同没有调试信息一样
  Minecraft_Gui.vcxproj -> F:\work\c++\Minecraft-Command-Assistant\x64\Debug\Minecraft_Gui.dll
