D:\vsiualstudio\IDE\MSBuild\Microsoft\VC\v170\Microsoft.CppBuild.targets(531,5): warning MSB8028: 中间目录(x64\Release\)包含从另一个项目(VideoImgui.vcxproj)共享的文件。   这会导致错误的清除和重新生成行为。
  main.cpp
D:\Windows Kits\10\Include\10.0.22621.0\shared\minwindef.h(130,1): warning C4005: “APIENTRY”: 宏重定义
  (编译源文件“main.cpp”)
  D:\work\Minecraft-Command-Assistant\MinecraftCommandAssistant_Window\API\GLFW\include\GLFW\glfw3.h(123,1):
  参见“APIENTRY”的前一个定义
  
D:\vsiualstudio\IDE\VC\Tools\MSVC\14.39.33519\include\xutility(4537,18): warning C4244: “=”: 从“WCHAR”转换到“char”，可能丢失数据
  (编译源文件“main.cpp”)
  D:\vsiualstudio\IDE\VC\Tools\MSVC\14.39.33519\include\xutility(4537,18):
  模板实例化上下文(最早的实例化上下文)为
  	D:\work\Minecraft-Command-Assistant\MinecraftCommandAssistant_Window\ClipboardXX\include\detail\windows.hpp(56,39):
  	查看对正在编译的函数 模板 实例化“std::basic_string<char,std::char_traits<char>,std::allocator<char>>::basic_string<LPTSTR,0>(_Iter,_Iter,const _Alloc &)”的引用
          with
          [
              _Iter=LPTSTR,
              _Alloc=std::allocator<char>
          ]
  		D:\work\Minecraft-Command-Assistant\MinecraftCommandAssistant_Window\ClipboardXX\include\detail\windows.hpp(56,39):
  		请参阅 "clipboardxx::ClipboardWindows::WindowsException::get_last_windows_error" 中对 "std::basic_string<char,std::char_traits<char>,std::allocator<char>>::basic_string" 的第一个引用
  	D:\vsiualstudio\IDE\VC\Tools\MSVC\14.39.33519\include\xstring(2600,17):
  	查看对正在编译的函数 模板 实例化“void std::basic_string<char,std::char_traits<char>,std::allocator<char>>::_Construct_from_iter<WCHAR*,WCHAR*,_Size_type>(_Iter,const _Sent,_Size)”的引用
          with
          [
              _Size_type=unsigned __int64,
              _Iter=WCHAR *,
              _Sent=WCHAR *,
              _Size=unsigned __int64
          ]
  	D:\vsiualstudio\IDE\VC\Tools\MSVC\14.39.33519\include\xstring(2756,18):
  	查看对正在编译的函数 模板 实例化“_OutIt *std::_Copy_n_unchecked4<WCHAR*,_Size,char*>(_InIt,_SizeTy,_OutIt)”的引用
          with
          [
              _OutIt=char *,
              _Size=unsigned __int64,
              _InIt=WCHAR *,
              _SizeTy=unsigned __int64
          ]
  
  正在生成代码
  2 of 2711 functions (<0.1%) were compiled, the rest were copied from previous compilation.
    0 functions were new in current compilation
    90 functions had inline decision re-evaluated but remain unchanged
  已完成代码的生成
  VideoImgui.vcxproj -> D:\work\Minecraft-Command-Assistant\MinecraftCommandAssistant_Window\x64\Release\MinecraftCommandAssistant_Window.exe
